[2026-03-25T18:16:38.014+0000] {local_task_job_runner.py:123} INFO - ::group::Pre task execution logs
[2026-03-25T18:16:38.029+0000] {taskinstance.py:2612} INFO - Dependencies all met for dep_context=non-requeueable deps ti=<TaskInstance: ml_training_pipeline.prepare_data manual__2026-03-25T18:16:35.876313+00:00 [queued]>
[2026-03-25T18:16:38.036+0000] {taskinstance.py:2612} INFO - Dependencies all met for dep_context=requeueable deps ti=<TaskInstance: ml_training_pipeline.prepare_data manual__2026-03-25T18:16:35.876313+00:00 [queued]>
[2026-03-25T18:16:38.036+0000] {taskinstance.py:2865} INFO - Starting attempt 1 of 1
[2026-03-25T18:16:38.047+0000] {taskinstance.py:2888} INFO - Executing <Task(BashOperator): prepare_data> on 2026-03-25 18:16:35.876313+00:00
[2026-03-25T18:16:38.053+0000] {standard_task_runner.py:104} INFO - Running: ['***', 'tasks', 'run', 'ml_training_pipeline', 'prepare_data', 'manual__2026-03-25T18:16:35.876313+00:00', '--job-id', '26', '--raw', '--subdir', 'DAGS_FOLDER/ml_training_pipeline.py', '--cfg-path', '/tmp/tmpdxwklhts']
[2026-03-25T18:16:38.055+0000] {standard_task_runner.py:105} INFO - Job 26: Subtask prepare_data
[2026-03-25T18:16:38.055+0000] {logging_mixin.py:190} WARNING - /home/***/.local/lib/python3.12/site-packages/***/task/task_runner/standard_task_runner.py:70 DeprecationWarning: This process (pid=177) is multi-threaded, use of fork() may lead to deadlocks in the child.
[2026-03-25T18:16:38.055+0000] {standard_task_runner.py:72} INFO - Started process 178 to run task
[2026-03-25T18:16:38.096+0000] {task_command.py:467} INFO - Running <TaskInstance: ml_training_pipeline.prepare_data manual__2026-03-25T18:16:35.876313+00:00 [running]> on host 1461e8b4e1d6
[2026-03-25T18:16:38.165+0000] {taskinstance.py:3131} INFO - Exporting env vars: AIRFLOW_CTX_DAG_OWNER='***' AIRFLOW_CTX_DAG_ID='ml_training_pipeline' AIRFLOW_CTX_TASK_ID='prepare_data' AIRFLOW_CTX_EXECUTION_DATE='2026-03-25T18:16:35.876313+00:00' AIRFLOW_CTX_TRY_NUMBER='1' AIRFLOW_CTX_DAG_RUN_ID='manual__2026-03-25T18:16:35.876313+00:00'
[2026-03-25T18:16:38.166+0000] {taskinstance.py:731} INFO - ::endgroup::
[2026-03-25T18:16:38.176+0000] {subprocess.py:63} INFO - Tmp dir root location: /tmp
[2026-03-25T18:16:38.176+0000] {subprocess.py:75} INFO - Running command: ['/usr/bin/bash', '-c', 'cd /opt/***/project && dvc repro prepare']
[2026-03-25T18:16:38.183+0000] {subprocess.py:86} INFO - Output:
[2026-03-25T18:16:39.055+0000] {subprocess.py:93} INFO - Stage 'prepare' is cached - skipping run, checking out outputs
[2026-03-25T18:16:39.087+0000] {subprocess.py:93} INFO - Updating lock file 'dvc.lock'
[2026-03-25T18:16:39.090+0000] {subprocess.py:93} INFO - 
[2026-03-25T18:16:39.090+0000] {subprocess.py:93} INFO - To track the changes with git, run:
[2026-03-25T18:16:39.090+0000] {subprocess.py:93} INFO - 
[2026-03-25T18:16:39.090+0000] {subprocess.py:93} INFO - 	git add dvc.lock
[2026-03-25T18:16:39.090+0000] {subprocess.py:93} INFO - 
[2026-03-25T18:16:39.091+0000] {subprocess.py:93} INFO - To enable auto staging, run:
[2026-03-25T18:16:39.091+0000] {subprocess.py:93} INFO - 
[2026-03-25T18:16:39.091+0000] {subprocess.py:93} INFO - 	dvc config core.autostage true
[2026-03-25T18:16:39.094+0000] {subprocess.py:93} INFO - Use `dvc push` to send your updates to remote storage.
[2026-03-25T18:16:39.254+0000] {subprocess.py:97} INFO - Command exited with return code 0
[2026-03-25T18:16:39.409+0000] {taskinstance.py:340} INFO - ::group::Post task execution logs
[2026-03-25T18:16:39.410+0000] {taskinstance.py:352} INFO - Marking task as SUCCESS. dag_id=ml_training_pipeline, task_id=prepare_data, run_id=manual__2026-03-25T18:16:35.876313+00:00, execution_date=20260325T181635, start_date=20260325T181638, end_date=20260325T181639
[2026-03-25T18:16:39.433+0000] {local_task_job_runner.py:266} INFO - Task exited with return code 0
[2026-03-25T18:16:39.454+0000] {taskinstance.py:3900} INFO - 1 downstream tasks scheduled from follow-on schedule check
[2026-03-25T18:16:39.456+0000] {local_task_job_runner.py:245} INFO - ::endgroup::
