[2026-03-25T18:22:19.208+0000] {local_task_job_runner.py:123} INFO - ::group::Pre task execution logs
[2026-03-25T18:22:19.228+0000] {taskinstance.py:2612} INFO - Dependencies all met for dep_context=non-requeueable deps ti=<TaskInstance: ml_training_pipeline.register_model manual__2026-03-25T18:22:12.688860+00:00 [queued]>
[2026-03-25T18:22:19.235+0000] {taskinstance.py:2612} INFO - Dependencies all met for dep_context=requeueable deps ti=<TaskInstance: ml_training_pipeline.register_model manual__2026-03-25T18:22:12.688860+00:00 [queued]>
[2026-03-25T18:22:19.235+0000] {taskinstance.py:2865} INFO - Starting attempt 1 of 1
[2026-03-25T18:22:19.246+0000] {taskinstance.py:2888} INFO - Executing <Task(BashOperator): register_model> on 2026-03-25 18:22:12.688860+00:00
[2026-03-25T18:22:19.251+0000] {standard_task_runner.py:104} INFO - Running: ['***', 'tasks', 'run', 'ml_training_pipeline', 'register_model', 'manual__2026-03-25T18:22:12.688860+00:00', '--job-id', '43', '--raw', '--subdir', 'DAGS_FOLDER/ml_training_pipeline.py', '--cfg-path', '/tmp/tmpa5hlppy_']
[2026-03-25T18:22:19.253+0000] {standard_task_runner.py:105} INFO - Job 43: Subtask register_model
[2026-03-25T18:22:19.253+0000] {logging_mixin.py:190} WARNING - /home/***/.local/lib/python3.12/site-packages/***/task/task_runner/standard_task_runner.py:70 DeprecationWarning: This process (pid=228) is multi-threaded, use of fork() may lead to deadlocks in the child.
[2026-03-25T18:22:19.254+0000] {standard_task_runner.py:72} INFO - Started process 229 to run task
[2026-03-25T18:22:19.293+0000] {task_command.py:467} INFO - Running <TaskInstance: ml_training_pipeline.register_model manual__2026-03-25T18:22:12.688860+00:00 [running]> on host 1461e8b4e1d6
[2026-03-25T18:22:19.481+0000] {taskinstance.py:3131} INFO - Exporting env vars: AIRFLOW_CTX_DAG_OWNER='***' AIRFLOW_CTX_DAG_ID='ml_training_pipeline' AIRFLOW_CTX_TASK_ID='register_model' AIRFLOW_CTX_EXECUTION_DATE='2026-03-25T18:22:12.688860+00:00' AIRFLOW_CTX_TRY_NUMBER='1' AIRFLOW_CTX_DAG_RUN_ID='manual__2026-03-25T18:22:12.688860+00:00'
[2026-03-25T18:22:19.482+0000] {taskinstance.py:731} INFO - ::endgroup::
[2026-03-25T18:22:19.491+0000] {subprocess.py:63} INFO - Tmp dir root location: /tmp
[2026-03-25T18:22:19.492+0000] {subprocess.py:75} INFO - Running command: ['/usr/bin/bash', '-c', 'cd /opt/***/project && python src/stages/register.py data/models --tracking-uri file:/opt/***/project/mlruns --model-name sentiment_model --stage Staging']
[2026-03-25T18:22:19.500+0000] {subprocess.py:86} INFO - Output:
[2026-03-25T18:22:20.085+0000] {subprocess.py:93} INFO - /home/***/.local/lib/python3.12/site-packages/pydantic/_internal/_fields.py:132: UserWarning: Field "model_name" in PromptModelConfig has conflict with protected namespace "model_".
[2026-03-25T18:22:20.085+0000] {subprocess.py:93} INFO - 
[2026-03-25T18:22:20.086+0000] {subprocess.py:93} INFO - You may be able to resolve this warning by setting `model_config['protected_namespaces'] = ()`.
[2026-03-25T18:22:20.086+0000] {subprocess.py:93} INFO -   warnings.warn(
[2026-03-25T18:22:21.155+0000] {subprocess.py:93} INFO - Traceback (most recent call last):
[2026-03-25T18:22:21.155+0000] {subprocess.py:93} INFO -   File "/opt/***/project/src/stages/register.py", line 11, in <module>
[2026-03-25T18:22:21.156+0000] {subprocess.py:93} INFO -     from src.stages.train import TextPreprocessor
[2026-03-25T18:22:21.156+0000] {subprocess.py:93} INFO - ModuleNotFoundError: No module named 'src'
[2026-03-25T18:22:21.374+0000] {subprocess.py:97} INFO - Command exited with return code 1
[2026-03-25T18:22:21.384+0000] {taskinstance.py:3310} ERROR - Task failed with exception
Traceback (most recent call last):
  File "/home/airflow/.local/lib/python3.12/site-packages/airflow/models/taskinstance.py", line 767, in _execute_task
    result = _execute_callable(context=context, **execute_callable_kwargs)
             ^^^^^^^^^^^^^^^^^^^^^^^^^^^^^^^^^^^^^^^^^^^^^^^^^^^^^^^^^^^^^
  File "/home/airflow/.local/lib/python3.12/site-packages/airflow/models/taskinstance.py", line 733, in _execute_callable
    return ExecutionCallableRunner(
           ^^^^^^^^^^^^^^^^^^^^^^^^
  File "/home/airflow/.local/lib/python3.12/site-packages/airflow/utils/operator_helpers.py", line 252, in run
    return self.func(*args, **kwargs)
           ^^^^^^^^^^^^^^^^^^^^^^^^^^
  File "/home/airflow/.local/lib/python3.12/site-packages/airflow/models/baseoperator.py", line 406, in wrapper
    return func(self, *args, **kwargs)
           ^^^^^^^^^^^^^^^^^^^^^^^^^^^
  File "/home/airflow/.local/lib/python3.12/site-packages/airflow/operators/bash.py", line 249, in execute
    raise AirflowException(
airflow.exceptions.AirflowException: Bash command failed. The command returned a non-zero exit code 1.
[2026-03-25T18:22:21.387+0000] {taskinstance.py:1225} INFO - Marking task as FAILED. dag_id=ml_training_pipeline, task_id=register_model, run_id=manual__2026-03-25T18:22:12.688860+00:00, execution_date=20260325T182212, start_date=20260325T182219, end_date=20260325T182221
[2026-03-25T18:22:21.396+0000] {taskinstance.py:340} INFO - ::group::Post task execution logs
[2026-03-25T18:22:21.396+0000] {standard_task_runner.py:124} ERROR - Failed to execute job 43 for task register_model (Bash command failed. The command returned a non-zero exit code 1.; 229)
Traceback (most recent call last):
  File "/home/airflow/.local/lib/python3.12/site-packages/airflow/task/task_runner/standard_task_runner.py", line 117, in _start_by_fork
    ret = args.func(args, dag=self.dag)
          ^^^^^^^^^^^^^^^^^^^^^^^^^^^^^
  File "/home/airflow/.local/lib/python3.12/site-packages/airflow/cli/cli_config.py", line 49, in command
    return func(*args, **kwargs)
           ^^^^^^^^^^^^^^^^^^^^^
  File "/home/airflow/.local/lib/python3.12/site-packages/airflow/utils/cli.py", line 115, in wrapper
    return f(*args, **kwargs)
           ^^^^^^^^^^^^^^^^^^
  File "/home/airflow/.local/lib/python3.12/site-packages/airflow/cli/commands/task_command.py", line 483, in task_run
    task_return_code = _run_task_by_selected_method(args, _dag, ti)
                       ^^^^^^^^^^^^^^^^^^^^^^^^^^^^^^^^^^^^^^^^^^^^
  File "/home/airflow/.local/lib/python3.12/site-packages/airflow/cli/commands/task_command.py", line 256, in _run_task_by_selected_method
    return _run_raw_task(args, ti)
           ^^^^^^^^^^^^^^^^^^^^^^^
  File "/home/airflow/.local/lib/python3.12/site-packages/airflow/cli/commands/task_command.py", line 341, in _run_raw_task
    return ti._run_raw_task(
           ^^^^^^^^^^^^^^^^^
  File "/home/airflow/.local/lib/python3.12/site-packages/airflow/utils/session.py", line 97, in wrapper
    return func(*args, session=session, **kwargs)
           ^^^^^^^^^^^^^^^^^^^^^^^^^^^^^^^^^^^^^^
  File "/home/airflow/.local/lib/python3.12/site-packages/airflow/models/taskinstance.py", line 3004, in _run_raw_task
    return _run_raw_task(
           ^^^^^^^^^^^^^^
  File "/home/airflow/.local/lib/python3.12/site-packages/airflow/models/taskinstance.py", line 273, in _run_raw_task
    TaskInstance._execute_task_with_callbacks(
  File "/home/airflow/.local/lib/python3.12/site-packages/airflow/models/taskinstance.py", line 3158, in _execute_task_with_callbacks
    result = self._execute_task(context, task_orig)
             ^^^^^^^^^^^^^^^^^^^^^^^^^^^^^^^^^^^^^^
  File "/home/airflow/.local/lib/python3.12/site-packages/airflow/models/taskinstance.py", line 3182, in _execute_task
    return _execute_task(self, context, task_orig)
           ^^^^^^^^^^^^^^^^^^^^^^^^^^^^^^^^^^^^^^^
  File "/home/airflow/.local/lib/python3.12/site-packages/airflow/models/taskinstance.py", line 767, in _execute_task
    result = _execute_callable(context=context, **execute_callable_kwargs)
             ^^^^^^^^^^^^^^^^^^^^^^^^^^^^^^^^^^^^^^^^^^^^^^^^^^^^^^^^^^^^^
  File "/home/airflow/.local/lib/python3.12/site-packages/airflow/models/taskinstance.py", line 733, in _execute_callable
    return ExecutionCallableRunner(
           ^^^^^^^^^^^^^^^^^^^^^^^^
  File "/home/airflow/.local/lib/python3.12/site-packages/airflow/utils/operator_helpers.py", line 252, in run
    return self.func(*args, **kwargs)
           ^^^^^^^^^^^^^^^^^^^^^^^^^^
  File "/home/airflow/.local/lib/python3.12/site-packages/airflow/models/baseoperator.py", line 406, in wrapper
    return func(self, *args, **kwargs)
           ^^^^^^^^^^^^^^^^^^^^^^^^^^^
  File "/home/airflow/.local/lib/python3.12/site-packages/airflow/operators/bash.py", line 249, in execute
    raise AirflowException(
airflow.exceptions.AirflowException: Bash command failed. The command returned a non-zero exit code 1.
[2026-03-25T18:22:21.439+0000] {local_task_job_runner.py:266} INFO - Task exited with return code 1
[2026-03-25T18:22:21.455+0000] {taskinstance.py:3900} INFO - 0 downstream tasks scheduled from follow-on schedule check
[2026-03-25T18:22:21.457+0000] {local_task_job_runner.py:245} INFO - ::endgroup::
