[2026-03-25T18:22:16.007+0000] {local_task_job_runner.py:123} INFO - ::group::Pre task execution logs
[2026-03-25T18:22:16.023+0000] {taskinstance.py:2612} INFO - Dependencies all met for dep_context=non-requeueable deps ti=<TaskInstance: ml_training_pipeline.train_model manual__2026-03-25T18:22:12.688860+00:00 [queued]>
[2026-03-25T18:22:16.032+0000] {taskinstance.py:2612} INFO - Dependencies all met for dep_context=requeueable deps ti=<TaskInstance: ml_training_pipeline.train_model manual__2026-03-25T18:22:12.688860+00:00 [queued]>
[2026-03-25T18:22:16.032+0000] {taskinstance.py:2865} INFO - Starting attempt 1 of 1
[2026-03-25T18:22:16.042+0000] {taskinstance.py:2888} INFO - Executing <Task(BashOperator): train_model> on 2026-03-25 18:22:12.688860+00:00
[2026-03-25T18:22:16.051+0000] {logging_mixin.py:190} WARNING - /home/***/.local/lib/python3.12/site-packages/***/task/task_runner/standard_task_runner.py:70 DeprecationWarning: This process (pid=180) is multi-threaded, use of fork() may lead to deadlocks in the child.
[2026-03-25T18:22:16.049+0000] {standard_task_runner.py:104} INFO - Running: ['***', 'tasks', 'run', 'ml_training_pipeline', 'train_model', 'manual__2026-03-25T18:22:12.688860+00:00', '--job-id', '41', '--raw', '--subdir', 'DAGS_FOLDER/ml_training_pipeline.py', '--cfg-path', '/tmp/tmpkghqbvjj']
[2026-03-25T18:22:16.051+0000] {standard_task_runner.py:72} INFO - Started process 181 to run task
[2026-03-25T18:22:16.052+0000] {standard_task_runner.py:105} INFO - Job 41: Subtask train_model
[2026-03-25T18:22:16.093+0000] {task_command.py:467} INFO - Running <TaskInstance: ml_training_pipeline.train_model manual__2026-03-25T18:22:12.688860+00:00 [running]> on host 1461e8b4e1d6
[2026-03-25T18:22:16.167+0000] {taskinstance.py:3131} INFO - Exporting env vars: AIRFLOW_CTX_DAG_OWNER='***' AIRFLOW_CTX_DAG_ID='ml_training_pipeline' AIRFLOW_CTX_TASK_ID='train_model' AIRFLOW_CTX_EXECUTION_DATE='2026-03-25T18:22:12.688860+00:00' AIRFLOW_CTX_TRY_NUMBER='1' AIRFLOW_CTX_DAG_RUN_ID='manual__2026-03-25T18:22:12.688860+00:00'
[2026-03-25T18:22:16.168+0000] {taskinstance.py:731} INFO - ::endgroup::
[2026-03-25T18:22:16.302+0000] {subprocess.py:63} INFO - Tmp dir root location: /tmp
[2026-03-25T18:22:16.303+0000] {subprocess.py:75} INFO - Running command: ['/usr/bin/bash', '-c', 'cd /opt/***/project && dvc repro train']
[2026-03-25T18:22:16.312+0000] {subprocess.py:86} INFO - Output:
[2026-03-25T18:22:17.107+0000] {subprocess.py:93} INFO - Stage 'prepare' didn't change, skipping
[2026-03-25T18:22:17.112+0000] {subprocess.py:93} INFO - Stage 'train' didn't change, skipping
[2026-03-25T18:22:17.113+0000] {subprocess.py:93} INFO - Data and pipelines are up to date.
[2026-03-25T18:22:17.273+0000] {subprocess.py:97} INFO - Command exited with return code 0
[2026-03-25T18:22:17.299+0000] {taskinstance.py:340} INFO - ::group::Post task execution logs
[2026-03-25T18:22:17.299+0000] {taskinstance.py:352} INFO - Marking task as SUCCESS. dag_id=ml_training_pipeline, task_id=train_model, run_id=manual__2026-03-25T18:22:12.688860+00:00, execution_date=20260325T182212, start_date=20260325T182216, end_date=20260325T182217
[2026-03-25T18:22:17.349+0000] {local_task_job_runner.py:266} INFO - Task exited with return code 0
[2026-03-25T18:22:17.369+0000] {taskinstance.py:3900} INFO - 1 downstream tasks scheduled from follow-on schedule check
[2026-03-25T18:22:17.371+0000] {local_task_job_runner.py:245} INFO - ::endgroup::
