[2026-03-25T18:20:15.031+0000] {local_task_job_runner.py:123} INFO - ::group::Pre task execution logs
[2026-03-25T18:20:15.047+0000] {taskinstance.py:2612} INFO - Dependencies all met for dep_context=non-requeueable deps ti=<TaskInstance: ml_training_pipeline.branch_on_metrics manual__2026-03-25T18:19:59.424398+00:00 [queued]>
[2026-03-25T18:20:15.054+0000] {taskinstance.py:2612} INFO - Dependencies all met for dep_context=requeueable deps ti=<TaskInstance: ml_training_pipeline.branch_on_metrics manual__2026-03-25T18:19:59.424398+00:00 [queued]>
[2026-03-25T18:20:15.054+0000] {taskinstance.py:2865} INFO - Starting attempt 1 of 1
[2026-03-25T18:20:15.065+0000] {taskinstance.py:2888} INFO - Executing <Task(BranchPythonOperator): branch_on_metrics> on 2026-03-25 18:19:59.424398+00:00
[2026-03-25T18:20:15.071+0000] {standard_task_runner.py:104} INFO - Running: ['***', 'tasks', 'run', 'ml_training_pipeline', 'branch_on_metrics', 'manual__2026-03-25T18:19:59.424398+00:00', '--job-id', '36', '--raw', '--subdir', 'DAGS_FOLDER/ml_training_pipeline.py', '--cfg-path', '/tmp/tmpj28lkwoa']
[2026-03-25T18:20:15.074+0000] {standard_task_runner.py:105} INFO - Job 36: Subtask branch_on_metrics
[2026-03-25T18:20:15.074+0000] {logging_mixin.py:190} WARNING - /home/***/.local/lib/python3.12/site-packages/***/task/task_runner/standard_task_runner.py:70 DeprecationWarning: This process (pid=244) is multi-threaded, use of fork() may lead to deadlocks in the child.
[2026-03-25T18:20:15.074+0000] {standard_task_runner.py:72} INFO - Started process 245 to run task
[2026-03-25T18:20:15.115+0000] {task_command.py:467} INFO - Running <TaskInstance: ml_training_pipeline.branch_on_metrics manual__2026-03-25T18:19:59.424398+00:00 [running]> on host 1461e8b4e1d6
[2026-03-25T18:20:15.184+0000] {taskinstance.py:3131} INFO - Exporting env vars: AIRFLOW_CTX_DAG_OWNER='***' AIRFLOW_CTX_DAG_ID='ml_training_pipeline' AIRFLOW_CTX_TASK_ID='branch_on_metrics' AIRFLOW_CTX_EXECUTION_DATE='2026-03-25T18:19:59.424398+00:00' AIRFLOW_CTX_TRY_NUMBER='1' AIRFLOW_CTX_DAG_RUN_ID='manual__2026-03-25T18:19:59.424398+00:00'
[2026-03-25T18:20:15.185+0000] {taskinstance.py:731} INFO - ::endgroup::
[2026-03-25T18:20:15.310+0000] {baseoperator.py:405} WARNING - BranchPythonOperator.execute cannot be called outside TaskInstance!
[2026-03-25T18:20:15.311+0000] {python.py:240} INFO - Done. Returned value was: register_model
[2026-03-25T18:20:15.311+0000] {branch.py:38} INFO - Branch into register_model
[2026-03-25T18:20:15.311+0000] {skipmixin.py:230} INFO - Following branch ('register_model',)
[2026-03-25T18:20:15.324+0000] {skipmixin.py:278} INFO - Skipping tasks [('stop_pipeline', -1)]
[2026-03-25T18:20:15.351+0000] {taskinstance.py:340} INFO - ::group::Post task execution logs
[2026-03-25T18:20:15.351+0000] {taskinstance.py:352} INFO - Marking task as SUCCESS. dag_id=ml_training_pipeline, task_id=branch_on_metrics, run_id=manual__2026-03-25T18:19:59.424398+00:00, execution_date=20260325T181959, start_date=20260325T182015, end_date=20260325T182015
[2026-03-25T18:20:15.369+0000] {local_task_job_runner.py:266} INFO - Task exited with return code 0
[2026-03-25T18:20:15.392+0000] {taskinstance.py:3900} INFO - 1 downstream tasks scheduled from follow-on schedule check
[2026-03-25T18:20:15.394+0000] {local_task_job_runner.py:245} INFO - ::endgroup::
