[2026-03-25T18:26:35.915+0000] {local_task_job_runner.py:123} INFO - ::group::Pre task execution logs
[2026-03-25T18:26:35.935+0000] {taskinstance.py:2612} INFO - Dependencies all met for dep_context=non-requeueable deps ti=<TaskInstance: ml_training_pipeline.branch_on_metrics manual__2026-03-25T18:26:29.892730+00:00 [queued]>
[2026-03-25T18:26:35.942+0000] {taskinstance.py:2612} INFO - Dependencies all met for dep_context=requeueable deps ti=<TaskInstance: ml_training_pipeline.branch_on_metrics manual__2026-03-25T18:26:29.892730+00:00 [queued]>
[2026-03-25T18:26:35.942+0000] {taskinstance.py:2865} INFO - Starting attempt 1 of 1
[2026-03-25T18:26:35.953+0000] {taskinstance.py:2888} INFO - Executing <Task(BranchPythonOperator): branch_on_metrics> on 2026-03-25 18:26:29.892730+00:00
[2026-03-25T18:26:35.959+0000] {standard_task_runner.py:104} INFO - Running: ['***', 'tasks', 'run', 'ml_training_pipeline', 'branch_on_metrics', 'manual__2026-03-25T18:26:29.892730+00:00', '--job-id', '54', '--raw', '--subdir', 'DAGS_FOLDER/ml_training_pipeline.py', '--cfg-path', '/tmp/tmpd_c1u0xw']
[2026-03-25T18:26:35.962+0000] {standard_task_runner.py:105} INFO - Job 54: Subtask branch_on_metrics
[2026-03-25T18:26:35.962+0000] {logging_mixin.py:190} WARNING - /home/***/.local/lib/python3.12/site-packages/***/task/task_runner/standard_task_runner.py:70 DeprecationWarning: This process (pid=204) is multi-threaded, use of fork() may lead to deadlocks in the child.
[2026-03-25T18:26:35.962+0000] {standard_task_runner.py:72} INFO - Started process 221 to run task
[2026-03-25T18:26:36.010+0000] {task_command.py:467} INFO - Running <TaskInstance: ml_training_pipeline.branch_on_metrics manual__2026-03-25T18:26:29.892730+00:00 [running]> on host 1461e8b4e1d6
[2026-03-25T18:26:36.096+0000] {taskinstance.py:3131} INFO - Exporting env vars: AIRFLOW_CTX_DAG_OWNER='***' AIRFLOW_CTX_DAG_ID='ml_training_pipeline' AIRFLOW_CTX_TASK_ID='branch_on_metrics' AIRFLOW_CTX_EXECUTION_DATE='2026-03-25T18:26:29.892730+00:00' AIRFLOW_CTX_TRY_NUMBER='1' AIRFLOW_CTX_DAG_RUN_ID='manual__2026-03-25T18:26:29.892730+00:00'
[2026-03-25T18:26:36.097+0000] {taskinstance.py:731} INFO - ::endgroup::
[2026-03-25T18:26:36.245+0000] {baseoperator.py:405} WARNING - BranchPythonOperator.execute cannot be called outside TaskInstance!
[2026-03-25T18:26:36.246+0000] {python.py:240} INFO - Done. Returned value was: register_model
[2026-03-25T18:26:36.246+0000] {branch.py:38} INFO - Branch into register_model
[2026-03-25T18:26:36.246+0000] {skipmixin.py:230} INFO - Following branch ('register_model',)
[2026-03-25T18:26:36.260+0000] {skipmixin.py:278} INFO - Skipping tasks [('stop_pipeline', -1)]
[2026-03-25T18:26:36.291+0000] {taskinstance.py:340} INFO - ::group::Post task execution logs
[2026-03-25T18:26:36.291+0000] {taskinstance.py:352} INFO - Marking task as SUCCESS. dag_id=ml_training_pipeline, task_id=branch_on_metrics, run_id=manual__2026-03-25T18:26:29.892730+00:00, execution_date=20260325T182629, start_date=20260325T182635, end_date=20260325T182636
[2026-03-25T18:26:36.338+0000] {local_task_job_runner.py:266} INFO - Task exited with return code 0
[2026-03-25T18:26:36.361+0000] {taskinstance.py:3900} INFO - 1 downstream tasks scheduled from follow-on schedule check
[2026-03-25T18:26:36.363+0000] {local_task_job_runner.py:245} INFO - ::endgroup::
