[2026-03-25T18:20:16.143+0000] {local_task_job_runner.py:123} INFO - ::group::Pre task execution logs
[2026-03-25T18:20:16.162+0000] {taskinstance.py:2612} INFO - Dependencies all met for dep_context=non-requeueable deps ti=<TaskInstance: ml_training_pipeline.register_model manual__2026-03-25T18:19:59.424398+00:00 [queued]>
[2026-03-25T18:20:16.170+0000] {taskinstance.py:2612} INFO - Dependencies all met for dep_context=requeueable deps ti=<TaskInstance: ml_training_pipeline.register_model manual__2026-03-25T18:19:59.424398+00:00 [queued]>
[2026-03-25T18:20:16.170+0000] {taskinstance.py:2865} INFO - Starting attempt 1 of 1
[2026-03-25T18:20:16.181+0000] {taskinstance.py:2888} INFO - Executing <Task(BashOperator): register_model> on 2026-03-25 18:19:59.424398+00:00
[2026-03-25T18:20:16.186+0000] {standard_task_runner.py:104} INFO - Running: ['***', 'tasks', 'run', 'ml_training_pipeline', 'register_model', 'manual__2026-03-25T18:19:59.424398+00:00', '--job-id', '37', '--raw', '--subdir', 'DAGS_FOLDER/ml_training_pipeline.py', '--cfg-path', '/tmp/tmpjq6gh7fd']
[2026-03-25T18:20:16.187+0000] {standard_task_runner.py:105} INFO - Job 37: Subtask register_model
[2026-03-25T18:20:16.188+0000] {logging_mixin.py:190} WARNING - /home/***/.local/lib/python3.12/site-packages/***/task/task_runner/standard_task_runner.py:70 DeprecationWarning: This process (pid=263) is multi-threaded, use of fork() may lead to deadlocks in the child.
[2026-03-25T18:20:16.188+0000] {standard_task_runner.py:72} INFO - Started process 264 to run task
[2026-03-25T18:20:16.229+0000] {task_command.py:467} INFO - Running <TaskInstance: ml_training_pipeline.register_model manual__2026-03-25T18:19:59.424398+00:00 [running]> on host 1461e8b4e1d6
[2026-03-25T18:20:16.416+0000] {taskinstance.py:3131} INFO - Exporting env vars: AIRFLOW_CTX_DAG_OWNER='***' AIRFLOW_CTX_DAG_ID='ml_training_pipeline' AIRFLOW_CTX_TASK_ID='register_model' AIRFLOW_CTX_EXECUTION_DATE='2026-03-25T18:19:59.424398+00:00' AIRFLOW_CTX_TRY_NUMBER='1' AIRFLOW_CTX_DAG_RUN_ID='manual__2026-03-25T18:19:59.424398+00:00'
[2026-03-25T18:20:16.417+0000] {taskinstance.py:731} INFO - ::endgroup::
[2026-03-25T18:20:16.425+0000] {subprocess.py:63} INFO - Tmp dir root location: /tmp
[2026-03-25T18:20:16.425+0000] {subprocess.py:75} INFO - Running command: ['/usr/bin/bash', '-c', 'cd /opt/***/project && python src/stages/register.py data/models --tracking-uri file:/opt/***/project/mlruns --model-name sentiment_model --stage Staging']
[2026-03-25T18:20:16.432+0000] {subprocess.py:86} INFO - Output:
[2026-03-25T18:20:17.095+0000] {subprocess.py:93} INFO - /home/***/.local/lib/python3.12/site-packages/pydantic/_internal/_fields.py:132: UserWarning: Field "model_name" in PromptModelConfig has conflict with protected namespace "model_".
[2026-03-25T18:20:17.096+0000] {subprocess.py:93} INFO - 
[2026-03-25T18:20:17.096+0000] {subprocess.py:93} INFO - You may be able to resolve this warning by setting `model_config['protected_namespaces'] = ()`.
[2026-03-25T18:20:17.096+0000] {subprocess.py:93} INFO -   warnings.warn(
[2026-03-25T18:20:18.854+0000] {subprocess.py:93} INFO - Traceback (most recent call last):
[2026-03-25T18:20:18.855+0000] {subprocess.py:93} INFO -   File "/opt/***/project/src/stages/register.py", line 80, in <module>
[2026-03-25T18:20:18.855+0000] {subprocess.py:93} INFO -     main()
[2026-03-25T18:20:18.855+0000] {subprocess.py:93} INFO -   File "/opt/***/project/src/stages/register.py", line 58, in main
[2026-03-25T18:20:18.855+0000] {subprocess.py:93} INFO -     model = joblib.load(model_path)
[2026-03-25T18:20:18.855+0000] {subprocess.py:93} INFO -             ^^^^^^^^^^^^^^^^^^^^^^^
[2026-03-25T18:20:18.855+0000] {subprocess.py:93} INFO -   File "/home/***/.local/lib/python3.12/site-packages/joblib/numpy_pickle.py", line 749, in load
[2026-03-25T18:20:18.855+0000] {subprocess.py:93} INFO -     obj = _unpickle(
[2026-03-25T18:20:18.856+0000] {subprocess.py:93} INFO -           ^^^^^^^^^^
[2026-03-25T18:20:18.856+0000] {subprocess.py:93} INFO -   File "/home/***/.local/lib/python3.12/site-packages/joblib/numpy_pickle.py", line 626, in _unpickle
[2026-03-25T18:20:18.856+0000] {subprocess.py:93} INFO -     obj = unpickler.load()
[2026-03-25T18:20:18.856+0000] {subprocess.py:93} INFO -           ^^^^^^^^^^^^^^^^
[2026-03-25T18:20:18.856+0000] {subprocess.py:93} INFO -   File "/usr/local/lib/python3.12/pickle.py", line 1255, in load
[2026-03-25T18:20:18.856+0000] {subprocess.py:93} INFO -     dispatch[key[0]](self)
[2026-03-25T18:20:18.856+0000] {subprocess.py:93} INFO -   File "/usr/local/lib/python3.12/pickle.py", line 1580, in load_stack_global
[2026-03-25T18:20:18.856+0000] {subprocess.py:93} INFO -     self.append(self.find_class(module, name))
[2026-03-25T18:20:18.856+0000] {subprocess.py:93} INFO -                 ^^^^^^^^^^^^^^^^^^^^^^^^^^^^^
[2026-03-25T18:20:18.856+0000] {subprocess.py:93} INFO -   File "/usr/local/lib/python3.12/pickle.py", line 1623, in find_class
[2026-03-25T18:20:18.856+0000] {subprocess.py:93} INFO -     return _getattribute(sys.modules[module], name)[0]
[2026-03-25T18:20:18.856+0000] {subprocess.py:93} INFO -            ^^^^^^^^^^^^^^^^^^^^^^^^^^^^^^^^^^^^^^^^
[2026-03-25T18:20:18.856+0000] {subprocess.py:93} INFO -   File "/usr/local/lib/python3.12/pickle.py", line 326, in _getattribute
[2026-03-25T18:20:18.857+0000] {subprocess.py:93} INFO -     raise AttributeError("Can't get attribute {!r} on {!r}"
[2026-03-25T18:20:18.857+0000] {subprocess.py:93} INFO - AttributeError: Can't get attribute 'TextPreprocessor' on <module '__main__' from '/opt/***/project/src/stages/register.py'>
[2026-03-25T18:20:19.099+0000] {subprocess.py:97} INFO - Command exited with return code 1
[2026-03-25T18:20:19.112+0000] {taskinstance.py:3310} ERROR - Task failed with exception
Traceback (most recent call last):
  File "/home/airflow/.local/lib/python3.12/site-packages/airflow/models/taskinstance.py", line 767, in _execute_task
    result = _execute_callable(context=context, **execute_callable_kwargs)
             ^^^^^^^^^^^^^^^^^^^^^^^^^^^^^^^^^^^^^^^^^^^^^^^^^^^^^^^^^^^^^
  File "/home/airflow/.local/lib/python3.12/site-packages/airflow/models/taskinstance.py", line 733, in _execute_callable
    return ExecutionCallableRunner(
           ^^^^^^^^^^^^^^^^^^^^^^^^
  File "/home/airflow/.local/lib/python3.12/site-packages/airflow/utils/operator_helpers.py", line 252, in run
    return self.func(*args, **kwargs)
           ^^^^^^^^^^^^^^^^^^^^^^^^^^
  File "/home/airflow/.local/lib/python3.12/site-packages/airflow/models/baseoperator.py", line 406, in wrapper
    return func(self, *args, **kwargs)
           ^^^^^^^^^^^^^^^^^^^^^^^^^^^
  File "/home/airflow/.local/lib/python3.12/site-packages/airflow/operators/bash.py", line 249, in execute
    raise AirflowException(
airflow.exceptions.AirflowException: Bash command failed. The command returned a non-zero exit code 1.
[2026-03-25T18:20:19.116+0000] {taskinstance.py:1225} INFO - Marking task as FAILED. dag_id=ml_training_pipeline, task_id=register_model, run_id=manual__2026-03-25T18:19:59.424398+00:00, execution_date=20260325T181959, start_date=20260325T182016, end_date=20260325T182019
[2026-03-25T18:20:19.136+0000] {taskinstance.py:340} INFO - ::group::Post task execution logs
[2026-03-25T18:20:19.136+0000] {standard_task_runner.py:124} ERROR - Failed to execute job 37 for task register_model (Bash command failed. The command returned a non-zero exit code 1.; 264)
Traceback (most recent call last):
  File "/home/airflow/.local/lib/python3.12/site-packages/airflow/task/task_runner/standard_task_runner.py", line 117, in _start_by_fork
    ret = args.func(args, dag=self.dag)
          ^^^^^^^^^^^^^^^^^^^^^^^^^^^^^
  File "/home/airflow/.local/lib/python3.12/site-packages/airflow/cli/cli_config.py", line 49, in command
    return func(*args, **kwargs)
           ^^^^^^^^^^^^^^^^^^^^^
  File "/home/airflow/.local/lib/python3.12/site-packages/airflow/utils/cli.py", line 115, in wrapper
    return f(*args, **kwargs)
           ^^^^^^^^^^^^^^^^^^
  File "/home/airflow/.local/lib/python3.12/site-packages/airflow/cli/commands/task_command.py", line 483, in task_run
    task_return_code = _run_task_by_selected_method(args, _dag, ti)
                       ^^^^^^^^^^^^^^^^^^^^^^^^^^^^^^^^^^^^^^^^^^^^
  File "/home/airflow/.local/lib/python3.12/site-packages/airflow/cli/commands/task_command.py", line 256, in _run_task_by_selected_method
    return _run_raw_task(args, ti)
           ^^^^^^^^^^^^^^^^^^^^^^^
  File "/home/airflow/.local/lib/python3.12/site-packages/airflow/cli/commands/task_command.py", line 341, in _run_raw_task
    return ti._run_raw_task(
           ^^^^^^^^^^^^^^^^^
  File "/home/airflow/.local/lib/python3.12/site-packages/airflow/utils/session.py", line 97, in wrapper
    return func(*args, session=session, **kwargs)
           ^^^^^^^^^^^^^^^^^^^^^^^^^^^^^^^^^^^^^^
  File "/home/airflow/.local/lib/python3.12/site-packages/airflow/models/taskinstance.py", line 3004, in _run_raw_task
    return _run_raw_task(
           ^^^^^^^^^^^^^^
  File "/home/airflow/.local/lib/python3.12/site-packages/airflow/models/taskinstance.py", line 273, in _run_raw_task
    TaskInstance._execute_task_with_callbacks(
  File "/home/airflow/.local/lib/python3.12/site-packages/airflow/models/taskinstance.py", line 3158, in _execute_task_with_callbacks
    result = self._execute_task(context, task_orig)
             ^^^^^^^^^^^^^^^^^^^^^^^^^^^^^^^^^^^^^^
  File "/home/airflow/.local/lib/python3.12/site-packages/airflow/models/taskinstance.py", line 3182, in _execute_task
    return _execute_task(self, context, task_orig)
           ^^^^^^^^^^^^^^^^^^^^^^^^^^^^^^^^^^^^^^^
  File "/home/airflow/.local/lib/python3.12/site-packages/airflow/models/taskinstance.py", line 767, in _execute_task
    result = _execute_callable(context=context, **execute_callable_kwargs)
             ^^^^^^^^^^^^^^^^^^^^^^^^^^^^^^^^^^^^^^^^^^^^^^^^^^^^^^^^^^^^^
  File "/home/airflow/.local/lib/python3.12/site-packages/airflow/models/taskinstance.py", line 733, in _execute_callable
    return ExecutionCallableRunner(
           ^^^^^^^^^^^^^^^^^^^^^^^^
  File "/home/airflow/.local/lib/python3.12/site-packages/airflow/utils/operator_helpers.py", line 252, in run
    return self.func(*args, **kwargs)
           ^^^^^^^^^^^^^^^^^^^^^^^^^^
  File "/home/airflow/.local/lib/python3.12/site-packages/airflow/models/baseoperator.py", line 406, in wrapper
    return func(self, *args, **kwargs)
           ^^^^^^^^^^^^^^^^^^^^^^^^^^^
  File "/home/airflow/.local/lib/python3.12/site-packages/airflow/operators/bash.py", line 249, in execute
    raise AirflowException(
airflow.exceptions.AirflowException: Bash command failed. The command returned a non-zero exit code 1.
[2026-03-25T18:20:19.182+0000] {local_task_job_runner.py:266} INFO - Task exited with return code 1
[2026-03-25T18:20:19.195+0000] {taskinstance.py:3900} INFO - 0 downstream tasks scheduled from follow-on schedule check
[2026-03-25T18:20:19.198+0000] {local_task_job_runner.py:245} INFO - ::endgroup::
