[2026-03-25T18:30:53.633+0000] {local_task_job_runner.py:123} INFO - ::group::Pre task execution logs
[2026-03-25T18:30:53.652+0000] {taskinstance.py:2612} INFO - Dependencies all met for dep_context=non-requeueable deps ti=<TaskInstance: ml_training_pipeline.register_model manual__2026-03-25T18:30:46.830615+00:00 [queued]>
[2026-03-25T18:30:53.660+0000] {taskinstance.py:2612} INFO - Dependencies all met for dep_context=requeueable deps ti=<TaskInstance: ml_training_pipeline.register_model manual__2026-03-25T18:30:46.830615+00:00 [queued]>
[2026-03-25T18:30:53.660+0000] {taskinstance.py:2865} INFO - Starting attempt 1 of 1
[2026-03-25T18:30:53.670+0000] {taskinstance.py:2888} INFO - Executing <Task(BashOperator): register_model> on 2026-03-25 18:30:46.830615+00:00
[2026-03-25T18:30:53.675+0000] {standard_task_runner.py:104} INFO - Running: ['***', 'tasks', 'run', 'ml_training_pipeline', 'register_model', 'manual__2026-03-25T18:30:46.830615+00:00', '--job-id', '67', '--raw', '--subdir', 'DAGS_FOLDER/ml_training_pipeline.py', '--cfg-path', '/tmp/tmpt_6d2yi7']
[2026-03-25T18:30:53.677+0000] {standard_task_runner.py:105} INFO - Job 67: Subtask register_model
[2026-03-25T18:30:53.677+0000] {logging_mixin.py:190} WARNING - /home/***/.local/lib/python3.12/site-packages/***/task/task_runner/standard_task_runner.py:70 DeprecationWarning: This process (pid=228) is multi-threaded, use of fork() may lead to deadlocks in the child.
[2026-03-25T18:30:53.678+0000] {standard_task_runner.py:72} INFO - Started process 229 to run task
[2026-03-25T18:30:53.717+0000] {task_command.py:467} INFO - Running <TaskInstance: ml_training_pipeline.register_model manual__2026-03-25T18:30:46.830615+00:00 [running]> on host 1461e8b4e1d6
[2026-03-25T18:30:53.894+0000] {taskinstance.py:3131} INFO - Exporting env vars: AIRFLOW_CTX_DAG_OWNER='***' AIRFLOW_CTX_DAG_ID='ml_training_pipeline' AIRFLOW_CTX_TASK_ID='register_model' AIRFLOW_CTX_EXECUTION_DATE='2026-03-25T18:30:46.830615+00:00' AIRFLOW_CTX_TRY_NUMBER='1' AIRFLOW_CTX_DAG_RUN_ID='manual__2026-03-25T18:30:46.830615+00:00'
[2026-03-25T18:30:53.895+0000] {taskinstance.py:731} INFO - ::endgroup::
[2026-03-25T18:30:53.903+0000] {subprocess.py:63} INFO - Tmp dir root location: /tmp
[2026-03-25T18:30:53.903+0000] {subprocess.py:75} INFO - Running command: ['/usr/bin/bash', '-c', 'cd /opt/***/project && python src/stages/register.py data/models --tracking-uri file:/opt/***/project/mlruns --model-name sentiment_model --stage Staging']
[2026-03-25T18:30:53.910+0000] {subprocess.py:86} INFO - Output:
[2026-03-25T18:30:54.484+0000] {subprocess.py:93} INFO - /home/***/.local/lib/python3.12/site-packages/pydantic/_internal/_fields.py:132: UserWarning: Field "model_name" in PromptModelConfig has conflict with protected namespace "model_".
[2026-03-25T18:30:54.484+0000] {subprocess.py:93} INFO - 
[2026-03-25T18:30:54.484+0000] {subprocess.py:93} INFO - You may be able to resolve this warning by setting `model_config['protected_namespaces'] = ()`.
[2026-03-25T18:30:54.484+0000] {subprocess.py:93} INFO -   warnings.warn(
[2026-03-25T18:30:56.460+0000] {subprocess.py:93} INFO - /home/***/.local/lib/python3.12/site-packages/mlflow/tracking/_tracking_service/utils.py:184: FutureWarning: The filesystem tracking backend (e.g., './mlruns') is deprecated as of February 2026. Consider transitioning to a database backend (e.g., 'sqlite:///mlflow.db') to take advantage of the latest MLflow features. See https://mlflow.org/docs/latest/self-hosting/migrate-from-file-store for migration guidance.
[2026-03-25T18:30:56.460+0000] {subprocess.py:93} INFO -   return FileStore(store_uri, store_uri)
[2026-03-25T18:30:56.460+0000] {subprocess.py:93} INFO - WARNING:root:Malformed experiment '***_registration_artifacts'. Detailed error Yaml file '/opt/***/project/mlruns/***_registration_artifacts/meta.yaml' does not exist.
[2026-03-25T18:30:56.461+0000] {subprocess.py:93} INFO - Traceback (most recent call last):
[2026-03-25T18:30:56.461+0000] {subprocess.py:93} INFO -   File "/home/***/.local/lib/python3.12/site-packages/mlflow/store/tracking/file_store.py", line 383, in search_experiments
[2026-03-25T18:30:56.461+0000] {subprocess.py:93} INFO -     exp = self._get_experiment(exp_id, view_type)
[2026-03-25T18:30:56.461+0000] {subprocess.py:93} INFO -           ^^^^^^^^^^^^^^^^^^^^^^^^^^^^^^^^^^^^^^^
[2026-03-25T18:30:56.461+0000] {subprocess.py:93} INFO -   File "/home/***/.local/lib/python3.12/site-packages/mlflow/store/tracking/file_store.py", line 481, in _get_experiment
[2026-03-25T18:30:56.461+0000] {subprocess.py:93} INFO -     meta = FileStore._read_yaml(experiment_dir, FileStore.META_DATA_FILE_NAME)
[2026-03-25T18:30:56.461+0000] {subprocess.py:93} INFO -            ^^^^^^^^^^^^^^^^^^^^^^^^^^^^^^^^^^^^^^^^^^^^^^^^^^^^^^^^^^^^^^^^^^^
[2026-03-25T18:30:56.461+0000] {subprocess.py:93} INFO -   File "/home/***/.local/lib/python3.12/site-packages/mlflow/store/tracking/file_store.py", line 1670, in _read_yaml
[2026-03-25T18:30:56.461+0000] {subprocess.py:93} INFO -     return _read_helper(root, file_name, attempts_remaining=retries)
[2026-03-25T18:30:56.461+0000] {subprocess.py:93} INFO -            ^^^^^^^^^^^^^^^^^^^^^^^^^^^^^^^^^^^^^^^^^^^^^^^^^^^^^^^^^
[2026-03-25T18:30:56.461+0000] {subprocess.py:93} INFO -   File "/home/***/.local/lib/python3.12/site-packages/mlflow/store/tracking/file_store.py", line 1663, in _read_helper
[2026-03-25T18:30:56.462+0000] {subprocess.py:93} INFO -     result = read_yaml(root, file_name)
[2026-03-25T18:30:56.462+0000] {subprocess.py:93} INFO -              ^^^^^^^^^^^^^^^^^^^^^^^^^^
[2026-03-25T18:30:56.462+0000] {subprocess.py:93} INFO -   File "/home/***/.local/lib/python3.12/site-packages/mlflow/utils/yaml_utils.py", line 104, in read_yaml
[2026-03-25T18:30:56.462+0000] {subprocess.py:93} INFO -     raise MissingConfigException(f"Yaml file '{file_path}' does not exist.")
[2026-03-25T18:30:56.462+0000] {subprocess.py:93} INFO - mlflow.exceptions.MissingConfigException: Yaml file '/opt/***/project/mlruns/***_registration_artifacts/meta.yaml' does not exist.
[2026-03-25T18:30:56.465+0000] {subprocess.py:93} INFO - WARNING:root:Malformed experiment '***_registration_artifacts'. Detailed error Yaml file '/opt/***/project/mlruns/***_registration_artifacts/meta.yaml' does not exist.
[2026-03-25T18:30:56.465+0000] {subprocess.py:93} INFO - Traceback (most recent call last):
[2026-03-25T18:30:56.465+0000] {subprocess.py:93} INFO -   File "/home/***/.local/lib/python3.12/site-packages/mlflow/store/tracking/file_store.py", line 383, in search_experiments
[2026-03-25T18:30:56.465+0000] {subprocess.py:93} INFO -     exp = self._get_experiment(exp_id, view_type)
[2026-03-25T18:30:56.465+0000] {subprocess.py:93} INFO -           ^^^^^^^^^^^^^^^^^^^^^^^^^^^^^^^^^^^^^^^
[2026-03-25T18:30:56.466+0000] {subprocess.py:93} INFO -   File "/home/***/.local/lib/python3.12/site-packages/mlflow/store/tracking/file_store.py", line 481, in _get_experiment
[2026-03-25T18:30:56.466+0000] {subprocess.py:93} INFO -     meta = FileStore._read_yaml(experiment_dir, FileStore.META_DATA_FILE_NAME)
[2026-03-25T18:30:56.466+0000] {subprocess.py:93} INFO -            ^^^^^^^^^^^^^^^^^^^^^^^^^^^^^^^^^^^^^^^^^^^^^^^^^^^^^^^^^^^^^^^^^^^
[2026-03-25T18:30:56.466+0000] {subprocess.py:93} INFO -   File "/home/***/.local/lib/python3.12/site-packages/mlflow/store/tracking/file_store.py", line 1670, in _read_yaml
[2026-03-25T18:30:56.466+0000] {subprocess.py:93} INFO -     return _read_helper(root, file_name, attempts_remaining=retries)
[2026-03-25T18:30:56.466+0000] {subprocess.py:93} INFO -            ^^^^^^^^^^^^^^^^^^^^^^^^^^^^^^^^^^^^^^^^^^^^^^^^^^^^^^^^^
[2026-03-25T18:30:56.466+0000] {subprocess.py:93} INFO -   File "/home/***/.local/lib/python3.12/site-packages/mlflow/store/tracking/file_store.py", line 1663, in _read_helper
[2026-03-25T18:30:56.466+0000] {subprocess.py:93} INFO -     result = read_yaml(root, file_name)
[2026-03-25T18:30:56.466+0000] {subprocess.py:93} INFO -              ^^^^^^^^^^^^^^^^^^^^^^^^^^
[2026-03-25T18:30:56.466+0000] {subprocess.py:93} INFO -   File "/home/***/.local/lib/python3.12/site-packages/mlflow/utils/yaml_utils.py", line 104, in read_yaml
[2026-03-25T18:30:56.466+0000] {subprocess.py:93} INFO -     raise MissingConfigException(f"Yaml file '{file_path}' does not exist.")
[2026-03-25T18:30:56.466+0000] {subprocess.py:93} INFO - mlflow.exceptions.MissingConfigException: Yaml file '/opt/***/project/mlruns/***_registration_artifacts/meta.yaml' does not exist.
[2026-03-25T18:30:56.688+0000] {subprocess.py:93} INFO - 2026/03/25 18:30:56 WARNING mlflow.utils.git_utils: Failed to import Git (the Git executable is probably not on your PATH), so Git SHA is not available. Error: Failed to initialize: Bad git executable.
[2026-03-25T18:30:56.688+0000] {subprocess.py:93} INFO - The git executable must be specified in one of the following ways:
[2026-03-25T18:30:56.688+0000] {subprocess.py:93} INFO -     - be included in your $PATH
[2026-03-25T18:30:56.688+0000] {subprocess.py:93} INFO -     - be set via $GIT_PYTHON_GIT_EXECUTABLE
[2026-03-25T18:30:56.688+0000] {subprocess.py:93} INFO -     - explicitly set via git.refresh(<full-path-to-git-executable>)
[2026-03-25T18:30:56.688+0000] {subprocess.py:93} INFO - 
[2026-03-25T18:30:56.688+0000] {subprocess.py:93} INFO - All git commands will error until this is rectified.
[2026-03-25T18:30:56.689+0000] {subprocess.py:93} INFO - 
[2026-03-25T18:30:56.689+0000] {subprocess.py:93} INFO - This initial message can be silenced or aggravated in the future by setting the
[2026-03-25T18:30:56.689+0000] {subprocess.py:93} INFO - $GIT_PYTHON_REFRESH environment variable. Use one of the following values:
[2026-03-25T18:30:56.689+0000] {subprocess.py:93} INFO -     - quiet|q|silence|s|silent|none|n|0: for no message or exception
[2026-03-25T18:30:56.689+0000] {subprocess.py:93} INFO -     - warn|w|warning|log|l|1: for a warning message (logging level CRITICAL, displayed by default)
[2026-03-25T18:30:56.689+0000] {subprocess.py:93} INFO -     - error|e|exception|raise|r|2: for a raised exception
[2026-03-25T18:30:56.689+0000] {subprocess.py:93} INFO - 
[2026-03-25T18:30:56.689+0000] {subprocess.py:93} INFO - Example:
[2026-03-25T18:30:56.689+0000] {subprocess.py:93} INFO -     export GIT_PYTHON_REFRESH=quiet
[2026-03-25T18:30:56.689+0000] {subprocess.py:93} INFO - 
[2026-03-25T18:30:56.697+0000] {subprocess.py:93} INFO - 2026/03/25 18:30:56 WARNING mlflow.sklearn: Saving scikit-learn models in the pickle or cloudpickle format requires exercising caution because these formats rely on Python's object serialization mechanism, which can execute arbitrary code during deserialization. The recommended safe alternative is the 'skops' format. For more information, see: https://scikit-learn.org/stable/model_persistence.html
[2026-03-25T18:31:00.602+0000] {subprocess.py:93} INFO - /home/***/.local/lib/python3.12/site-packages/mlflow/tracking/_model_registry/utils.py:220: FutureWarning: The filesystem model registry backend (e.g., './mlruns') is deprecated as of February 2026. Consider transitioning to a database backend (e.g., 'sqlite:///mlflow.db') to take advantage of the latest MLflow features. See https://mlflow.org/docs/latest/self-hosting/migrate-from-file-store for migration guidance.
[2026-03-25T18:31:00.602+0000] {subprocess.py:93} INFO -   return FileStore(store_uri)
[2026-03-25T18:31:00.603+0000] {subprocess.py:93} INFO - Successfully registered model 'sentiment_model'.
[2026-03-25T18:31:00.607+0000] {subprocess.py:93} INFO - Created version '1' of model 'sentiment_model'.
[2026-03-25T18:31:00.607+0000] {subprocess.py:93} INFO - /opt/***/project/src/stages/register.py:91: FutureWarning: ``mlflow.tracking.client.MlflowClient.transition_model_version_stage`` is deprecated since 2.9.0. Model registry stages will be removed in a future major release. To learn more about the deprecation of model registry stages, see our migration guide here: https://mlflow.org/docs/latest/model-registry.html#migrating-from-stages
[2026-03-25T18:31:00.607+0000] {subprocess.py:93} INFO -   client.transition_model_version_stage(
[2026-03-25T18:31:00.610+0000] {subprocess.py:93} INFO - Registered model 'sentiment_model' version 1 and moved it to Staging.
[2026-03-25T18:31:00.611+0000] {subprocess.py:93} INFO - Run id: 7788514920754d00ae61eae036c747f7
[2026-03-25T18:31:00.984+0000] {subprocess.py:97} INFO - Command exited with return code 0
[2026-03-25T18:31:01.018+0000] {taskinstance.py:340} INFO - ::group::Post task execution logs
[2026-03-25T18:31:01.018+0000] {taskinstance.py:352} INFO - Marking task as SUCCESS. dag_id=ml_training_pipeline, task_id=register_model, run_id=manual__2026-03-25T18:30:46.830615+00:00, execution_date=20260325T183046, start_date=20260325T183053, end_date=20260325T183101
[2026-03-25T18:31:01.042+0000] {local_task_job_runner.py:266} INFO - Task exited with return code 0
[2026-03-25T18:31:01.053+0000] {taskinstance.py:3900} INFO - 0 downstream tasks scheduled from follow-on schedule check
[2026-03-25T18:31:01.055+0000] {local_task_job_runner.py:245} INFO - ::endgroup::
